<?xml version="1.0" encoding="UTF-8"?>
<testsuite xmlns:xsi="http://www.w3.org/2001/XMLSchema-instance" xsi:noNamespaceSchemaLocation="https://maven.apache.org/surefire/maven-surefire-plugin/xsd/surefire-test-report-3.0.xsd" version="3.0" name="com.my.KeleSystemBackendApplicationTests" time="5.085" tests="1" errors="0" skipped="0" failures="0">
  <properties>
[...]
</properties>
  <testcase name="contextLoads" classname="com.my.KeleSystemBackendApplicationTests" time="0.822">
    <system-out><![CDATA[15:52:52.949 [main] INFO org.springframework.test.context.support.AnnotationConfigContextLoaderUtils -- Could not detect default configuration classes for test class [com.my.KeleSystemBackendApplicationTests]: KeleSystemBackendApplicationTests does not declare any static, non-private, non-final, nested classes annotated with @Configuration.
15:52:53.073 [main] INFO org.springframework.boot.test.context.SpringBootTestContextBootstrapper -- Found @SpringBootConfiguration com.my.KeleSystemBackendApplication for test class com.my.KeleSystemBackendApplicationTests

  .   ____          _            __ _ _
 /\\ / ___'_ __ _ _(_)_ __  __ _ \ \ \ \
( ( )\___ | '_ | '_| | '_ \/ _` | \ \ \ \
 \\/  ___)| |_)| | | | | || (_| |  ) ) ) )
  '  |____| .__|_| |_|_| |_\__, | / / / /
 =========|_|==============|___/=/_/_/_/
 :: Spring Boot ::                (v3.2.0)

2025-12-09T15:52:53.576+08:00  INFO 36180 --- [kele-system-backend] [           main] c.my.KeleSystemBackendApplicationTests   : Starting KeleSystemBackendApplicationTests using Java 21.0.2 with PID 36180 (started by 84093 in D:\StudyProject\Myself\kele-mall-system\kele-system-backend)
2025-12-09T15:52:53.577+08:00  INFO 36180 --- [kele-system-backend] [           main] c.my.KeleSystemBackendApplicationTests   : No active profile set, falling back to 1 default profile: "default"
2025-12-09T15:52:54.400+08:00  INFO 36180 --- [kele-system-backend] [           main] .s.d.r.c.RepositoryConfigurationDelegate : Multiple Spring Data modules found, entering strict repository configuration mode
2025-12-09T15:52:54.403+08:00  INFO 36180 --- [kele-system-backend] [           main] .s.d.r.c.RepositoryConfigurationDelegate : Bootstrapping Spring Data Redis repositories in DEFAULT mode.
2025-12-09T15:52:54.440+08:00  INFO 36180 --- [kele-system-backend] [           main] .s.d.r.c.RepositoryConfigurationDelegate : Finished Spring Data repository scanning in 19 ms. Found 0 Redis repository interfaces.
Logging initialized using 'class org.apache.ibatis.logging.stdout.StdOutImpl' adapter.
2025-12-09T15:52:56.134+08:00  INFO 36180 --- [kele-system-backend] [           main] o.s.s.web.DefaultSecurityFilterChain     : Will secure any request with [org.springframework.security.web.session.DisableEncodeUrlFilter@13cc31ae, org.springframework.security.web.context.request.async.WebAsyncManagerIntegrationFilter@5bb7a59, org.springframework.security.web.context.SecurityContextHolderFilter@628ba266, org.springframework.security.web.header.HeaderWriterFilter@171aa66, org.springframework.web.filter.CorsFilter@4bfa5eb9, org.springframework.security.web.authentication.logout.LogoutFilter@30d5e37c, com.my.filter.JwtAuthenticationFilter@2a2b7a35, org.springframework.security.web.savedrequest.RequestCacheAwareFilter@1d77746b, org.springframework.security.web.servletapi.SecurityContextHolderAwareRequestFilter@4ced17f3, org.springframework.security.web.authentication.AnonymousAuthenticationFilter@58186f9f, org.springframework.security.web.session.SessionManagementFilter@75e0a54c, org.springframework.security.web.access.ExceptionTranslationFilter@5a899811, org.springframework.security.web.access.intercept.AuthorizationFilter@12209826]


,------.                           ,--.  ,--.         ,--.                         
|  .--. '  ,--,--.  ,---.   ,---.  |  '--'  |  ,---.  |  |  ,---.   ,---.  ,--.--. 
|  '--' | ' ,-.  | | .-. | | .-. : |  .--.  | | .-. : |  | | .-. | | .-. : |  .--' 
|  | --'  \ '-'  | ' '-' ' \   --. |  |  |  | \   --. |  | | '-' ' \   --. |  |    
`--'       `--`--' .`-  /   `----' `--'  `--'  `----' `--' |  |-'   `----' `--'    
                   `---'                                   `--'                        is intercepting.

2025-12-09T15:52:56.952+08:00  INFO 36180 --- [kele-system-backend] [           main] c.my.KeleSystemBackendApplicationTests   : Started KeleSystemBackendApplicationTests in 3.699 seconds (process running for 4.944)
]]></system-out>
    <system-err><![CDATA[WARNING: A Java agent has been loaded dynamically (C:\Users\84093\.m2\repository\net\bytebuddy\byte-buddy-agent\1.14.10\byte-buddy-agent-1.14.10.jar)
WARNING: If a serviceability tool is in use, please run with -XX:+EnableDynamicAgentLoading to hide this warning
WARNING: If a serviceability tool is not in use, please run with -Djdk.instrument.traceUsage for more information
WARNING: Dynamic loading of agents will be disallowed by default in a future release
]]></system-err>
  </testcase>
</testsuite>